<?xml version="1.0" encoding="UTF-8"?>
<testsuites>
	<testsuite tests="294" failures="0" time="0.272" name="github.com/cboling/omci">
		<properties>
			<property name="go.version" value="go1.17.2"></property>
			<property name="coverage.statements.pct" value="79.7"></property>
		</properties>
		<testcase classname="omci" name="TestGetAllAlarmsRequestDecode" time="0.000"></testcase>
		<testcase classname="omci" name="TestGetAllAlarmsRequestDecodeExtended" time="0.000"></testcase>
		<testcase classname="omci" name="TestGetAllAlarmsRequestSerialize" time="0.000"></testcase>
		<testcase classname="omci" name="TestGetAllAlarmsRequestSerializeExtended" time="0.000"></testcase>
		<testcase classname="omci" name="TestGetAllAlarmsResponseDecode" time="0.000"></testcase>
		<testcase classname="omci" name="TestGetAllAlarmsResponseDecodeExtended" time="0.000"></testcase>
		<testcase classname="omci" name="TestGetAllAlarmsResponseSerialize" time="0.000"></testcase>
		<testcase classname="omci" name="TestGetAllAlarmsResponseSerializeExtended" time="0.000"></testcase>
		<testcase classname="omci" name="TestGetAllAlarmsNextRequestDecode" time="0.000"></testcase>
		<testcase classname="omci" name="TestGetAllAlarmsNextRequestDecodeExtended" time="0.000"></testcase>
		<testcase classname="omci" name="TestGetAllAlarmsNextRequestSerialize" time="0.000"></testcase>
		<testcase classname="omci" name="TestGetAllAlarmsNextRequestSerializeExtended" time="0.000"></testcase>
		<testcase classname="omci" name="TestGetAllAlarmsNextResponseDecode" time="0.000"></testcase>
		<testcase classname="omci" name="TestGetAllAlarmsNextResponseDecodeExtended" time="0.000"></testcase>
		<testcase classname="omci" name="TestGetAllAlarmsNextResponseDecodeExtendedTwoBitmaps" time="0.000"></testcase>
		<testcase classname="omci" name="TestGetAllAlarmsNextResponseSerialize" time="0.000"></testcase>
		<testcase classname="omci" name="TestGetAllAlarmsNextResponseSerializeExtended" time="0.000"></testcase>
		<testcase classname="omci" name="TestGetAllAlarmsNextResponseSerializeExtendedTwoBitmaps" time="0.000"></testcase>
		<testcase classname="omci" name="TestGetAllAlarmsNextResponseBadCommandNumberDecode" time="0.000"></testcase>
		<testcase classname="omci" name="TestGetAllAlarmsNextResponseBadCommandNumberSerialize" time="0.000"></testcase>
		<testcase classname="omci" name="TestAlarmNotificationDecode" time="0.000"></testcase>
		<testcase classname="omci" name="TestInvalidClassAlarmNotificationDecode" time="0.000"></testcase>
		<testcase classname="omci" name="TestUnknownsMeAlarmNotificationDecode" time="0.000"></testcase>
		<testcase classname="omci" name="TestVendorSpecificAlarmNotificationDecode" time="0.000"></testcase>
		<testcase classname="omci" name="TestAlarmNotificationSerialize" time="0.000"></testcase>
		<testcase classname="omci" name="TestAlarmNotificationSerializeNonZeroTIC" time="0.000"></testcase>
		<testcase classname="omci" name="TestExtendedAlarmNotificationDecode" time="0.000"></testcase>
		<testcase classname="omci" name="TestExtendedAlarmNotificationSerialize" time="0.000"></testcase>
		<testcase classname="omci" name="TestAlarmDecodesOmciLayerHeaderTooSmall" time="0.000"></testcase>
		<testcase classname="omci" name="TestAttributeValueChangeDecode" time="0.000"></testcase>
		<testcase classname="omci" name="TestAttributeValueChangeSerialize" time="0.000"></testcase>
		<testcase classname="omci" name="TestAttributeValueChangeNonZeroTicSerialize" time="0.000"></testcase>
		<testcase classname="omci" name="TestExtendedAttributeValueChangeDecode" time="0.000"></testcase>
		<testcase classname="omci" name="TestExtendedAttributeValueChangeSerialize" time="0.000"></testcase>
		<testcase classname="omci" name="TestCreateRequestDecode" time="0.000"></testcase>
		<testcase classname="omci" name="TestCreateRequestSerialize" time="0.000"></testcase>
		<testcase classname="omci" name="TestCreateRequestZeroTICSerialize" time="0.000"></testcase>
		<testcase classname="omci" name="TestCreateResponseDecode" time="0.000"></testcase>
		<testcase classname="omci" name="TestCreateResponseSerialize" time="0.000"></testcase>
		<testcase classname="omci" name="TestCreateResponseZeroTICSerialize" time="0.000"></testcase>
		<testcase classname="omci" name="TestExtendedCreateRequestDecode" time="0.000"></testcase>
		<testcase classname="omci" name="TestExtendedCreateRequestSerialize" time="0.000"></testcase>
		<testcase classname="omci" name="TestExtendedCreateResponseDecode" time="0.000"></testcase>
		<testcase classname="omci" name="TestExtendedCreateResponseSerialize" time="0.000"></testcase>
		<testcase classname="omci" name="TestCreate8021pMapperService_profile" time="0.000"></testcase>
		<testcase classname="omci" name="TestCreateGalEthernetProfile" time="0.000"></testcase>
		<testcase classname="omci" name="TestCreate_macBridgeService_profile" time="0.000"></testcase>
		<testcase classname="omci" name="TestCreateGemPortNetworkCtp" time="0.000"></testcase>
		<testcase classname="omci" name="TestCreateMulticastOperationsProfileMe" time="0.000"></testcase>
		<testcase classname="omci" name="TestDeleteRequestDecode" time="0.000"></testcase>
		<testcase classname="omci" name="TestDeleteRequestSerialize" time="0.000"></testcase>
		<testcase classname="omci" name="TestDeleteRequestZeroTICSerialize" time="0.000"></testcase>
		<testcase classname="omci" name="TestDeleteResponseDecode" time="0.000"></testcase>
		<testcase classname="omci" name="TestDeleteResponseSerialize" time="0.000"></testcase>
		<testcase classname="omci" name="TestDeleteResponseZeroTICSerialize" time="0.000"></testcase>
		<testcase classname="omci" name="TestExtendedDeleteRequestDecode" time="0.000"></testcase>
		<testcase classname="omci" name="TestExtendedDeleteRequestSerialize" time="0.000"></testcase>
		<testcase classname="omci" name="TestExtendedDeleteResponseDecode" time="0.000"></testcase>
		<testcase classname="omci" name="TestExtendedDeleteResponseSerialize" time="0.000"></testcase>
		<testcase classname="omci" name="TestGetRequestDecode" time="0.000"></testcase>
		<testcase classname="omci" name="TestGetRequestSerialize" time="0.000"></testcase>
		<testcase classname="omci" name="TestGetRequestZeroTICSerialize" time="0.000"></testcase>
		<testcase classname="omci" name="TestGetResponseDecode" time="0.000"></testcase>
		<testcase classname="omci" name="TestGetResponseSerialize" time="0.000"></testcase>
		<testcase classname="omci" name="TestGetResponseZeroTICSerialize" time="0.000"></testcase>
		<testcase classname="omci" name="TestGetResponseSerializeTruncationFailure" time="0.000"></testcase>
		<testcase classname="omci" name="TestGetResponseSerializeTruncationButOkay" time="0.000"></testcase>
		<testcase classname="omci" name="TestGetResponseTableFailedAttributesDecode" time="0.000"></testcase>
		<testcase classname="omci" name="TestGetResponseTableFailedAttributesSerialize" time="0.000"></testcase>
		<testcase classname="omci" name="TestGetResponseTableAttributeDecode" time="0.000"></testcase>
		<testcase classname="omci" name="TestGetResponseTableAttributeSerialize" time="0.000"></testcase>
		<testcase classname="omci" name="TestExtendedGetRequestDecode" time="0.000"></testcase>
		<testcase classname="omci" name="TestExtendedGetRequestDecodeTruncated" time="0.000"></testcase>
		<testcase classname="omci" name="TestExtendedGetRequestSerialize" time="0.000"></testcase>
		<testcase classname="omci" name="TestExtendedGetResponseDecode" time="0.000"></testcase>
		<testcase classname="omci" name="TestExtendedGetResponseSerialize" time="0.000"></testcase>
		<testcase classname="omci" name="TestGetCurrentDataRequestDecode" time="0.000"></testcase>
		<testcase classname="omci" name="TestGetCurrentDataRequestSerialize" time="0.000"></testcase>
		<testcase classname="omci" name="TestGetCurrentDataRequestZeroTICSerialize" time="0.000"></testcase>
		<testcase classname="omci" name="TestGetCurrentDataResponseDecode" time="0.000"></testcase>
		<testcase classname="omci" name="TestGetCurrentDataResponseSerialize" time="0.000"></testcase>
		<testcase classname="omci" name="TestGetCurrentDataResponseZeroTICSerialize" time="0.000"></testcase>
		<testcase classname="omci" name="TestExtendedGetCurrentDataRequestDecode" time="0.000"></testcase>
		<testcase classname="omci" name="TestExtendedGetCurrentDataRequestSerialize" time="0.000"></testcase>
		<testcase classname="omci" name="TestExtendedGetCurrentDataResponseDecode" time="0.000"></testcase>
		<testcase classname="omci" name="TestExtendedGetCurrentDataResponseSerialize" time="0.000"></testcase>
		<testcase classname="omci" name="TestGetNextRequestDecode" time="0.000"></testcase>
		<testcase classname="omci" name="TestGetNextRequestDecodeExtended" time="0.000"></testcase>
		<testcase classname="omci" name="TestGetNextRequestSerialize" time="0.000"></testcase>
		<testcase classname="omci" name="TestGetNextRequestZeroTICSerialize" time="0.000"></testcase>
		<testcase classname="omci" name="TestGetNextRequestSerializeExtended" time="0.000"></testcase>
		<testcase classname="omci" name="TestGetNextResponseDecode" time="0.000"></testcase>
		<testcase classname="omci" name="TestGetNextResponseDecodeExtended" time="0.000"></testcase>
		<testcase classname="omci" name="TestGetNextResponseSerialize" time="0.000"></testcase>
		<testcase classname="omci" name="TestGetNextResponseZeroTICSerialize" time="0.000"></testcase>
		<testcase classname="omci" name="TestGetNextResponseSerializeExtended" time="0.000"></testcase>
		<testcase classname="omci" name="TestKnownMessageType" time="0.000"></testcase>
		<testcase classname="omci" name="TestUnknownMessageType" time="0.000"></testcase>
		<testcase classname="omci" name="TestNextIsNil" time="0.000"></testcase>
		<testcase classname="omci" name="TestPayloadAlwaysNil" time="0.000"></testcase>
		<testcase classname="omci" name="TestMsgCanBeDecoded" time="0.000"></testcase>
		<testcase classname="omci" name="TestDecodesFrameNoTrailer" time="0.000"></testcase>
		<testcase classname="omci" name="TestDecodesFrameTooSmall" time="0.000"></testcase>
		<testcase classname="omci" name="TestFrameWithUnknownMessageType" time="0.000"></testcase>
		<testcase classname="omci" name="TestMsgTypeStrings" time="0.000"></testcase>
		<testcase classname="omci" name="TestMessageTypeStrings" time="0.000"></testcase>
		<testcase classname="omci" name="TestResultsStrings" time="0.000"></testcase>
		<testcase classname="omci" name="TestOmciDecode" time="0.000"></testcase>
		<testcase classname="omci" name="TestOmciSerialization" time="0.000"></testcase>
		<testcase classname="omci" name="TestGetSoftwareImageResponseDecode" time="0.000"></testcase>
		<testcase classname="omci" name="TestGetSoftwareImageResponseSerialize" time="0.000"></testcase>
		<testcase classname="omci" name="TestMibResetRequestDecode" time="0.000"></testcase>
		<testcase classname="omci" name="TestMibResetRequestSerialize" time="0.000"></testcase>
		<testcase classname="omci" name="TestMibResetRequestZeroTICSerialize" time="0.000"></testcase>
		<testcase classname="omci" name="TestMibResetResponseDecode" time="0.000"></testcase>
		<testcase classname="omci" name="TestMibResetResponseSerialize" time="0.000"></testcase>
		<testcase classname="omci" name="TestMibResetResponseZeroTICSerialize" time="0.000"></testcase>
		<testcase classname="omci" name="TestExtendedMibResetRequestDecode" time="0.000"></testcase>
		<testcase classname="omci" name="TestExtendedMibResetRequestSerialize" time="0.000"></testcase>
		<testcase classname="omci" name="TestExtendedMibResetResponseDecode" time="0.000"></testcase>
		<testcase classname="omci" name="TestExtendedMibResetResponseSerialize" time="0.000"></testcase>
		<testcase classname="omci" name="TestMibResetRequestMessage" time="0.000"></testcase>
		<testcase classname="omci" name="TestMibUploadRequestDecode" time="0.000"></testcase>
		<testcase classname="omci" name="TestMibUploadRequestDecodeExtended" time="0.000"></testcase>
		<testcase classname="omci" name="TestMibUploadRequestSerialize" time="0.000"></testcase>
		<testcase classname="omci" name="TestMibUploadRequestZeroTICSerialize" time="0.000"></testcase>
		<testcase classname="omci" name="TestMibUploadRequestSerializeExtended" time="0.000"></testcase>
		<testcase classname="omci" name="TestMibUploadResponseDecode" time="0.000"></testcase>
		<testcase classname="omci" name="TestMibUploadResponseDecodeExtended" time="0.000"></testcase>
		<testcase classname="omci" name="TestMibUploadResponseSerialize" time="0.000"></testcase>
		<testcase classname="omci" name="TestMibUploadResponseZeroTICSerialize" time="0.000"></testcase>
		<testcase classname="omci" name="TestMibUploadResponseSerializeExtended" time="0.000"></testcase>
		<testcase classname="omci" name="TestMibUploadNextRequestDecode" time="0.000"></testcase>
		<testcase classname="omci" name="TestMibUploadNextRequestDecodeExtended" time="0.000"></testcase>
		<testcase classname="omci" name="TestMibUploadNextRequestSerialize" time="0.000"></testcase>
		<testcase classname="omci" name="TestMibUploadNextRequestZeroTICSerialize" time="0.000"></testcase>
		<testcase classname="omci" name="TestMibUploadNextRequestSerializeExtended" time="0.000"></testcase>
		<testcase classname="omci" name="TestMibUploadNextResponseDecode" time="0.000"></testcase>
		<testcase classname="omci" name="TestMibUploadNextResponseDecodeExtendedOneMe" time="0.000"></testcase>
		<testcase classname="omci" name="TestMibUploadNextResponseDecodeExtendedThreeMe" time="0.000"></testcase>
		<testcase classname="omci" name="TestMibUploadNextResponseDecodeExtendedMaxLength" time="0.010"></testcase>
		<testcase classname="omci" name="TestMibUploadNextResponseSerialize" time="0.000"></testcase>
		<testcase classname="omci" name="TestMibUploadNextResponseZeroTICSerialize" time="0.000"></testcase>
		<testcase classname="omci" name="TestMibUploadNextResponseSerializeExtendedOneMe" time="0.000"></testcase>
		<testcase classname="omci" name="TestMibUploadNextResponseSerializeExtendedTwoMe" time="0.000"></testcase>
		<testcase classname="omci" name="TestMibUploadNextResponseSerializeExtendedThreeMe" time="0.000"></testcase>
		<testcase classname="omci" name="TestMibUploadNextResponseSerializeExtendedMaxFrame" time="0.010"></testcase>
		<testcase classname="omci" name="TestMibUploadNextResponseSerializeExtendedMaxFramePlusOneByteTooMany" time="0.010"></testcase>
		<testcase classname="omci" name="TestMibUploadNextResponseBadCommandNumberDecode" time="0.000"></testcase>
		<testcase classname="omci" name="TestMibUploadNextResponseBadCommandNumberSerialize" time="0.000"></testcase>
		<testcase classname="omci" name="TestMibUploadNextSequence" time="0.010"></testcase>
		<testcase classname="omci" name="TestUnsupportedG988ClassIDMibUploadNextResponse" time="0.000"></testcase>
		<testcase classname="omci" name="TestUnsupportedG988ClassIDMibUploadNextResponseAttributes" time="0.000"></testcase>
		<testcase classname="omci" name="TestUnsupportedVendorClassIDMibUploadNextResponse" time="0.000"></testcase>
		<testcase classname="omci" name="TestMibUpload" time="0.000"></testcase>
		<testcase classname="omci" name="TestDeviceIdents" time="0.000"></testcase>
		<testcase classname="omci" name="TestOmciCanDecodeAndNextLayer" time="0.000"></testcase>
		<testcase classname="omci" name="TestOmciHeaderVeryShort" time="0.000"></testcase>
		<testcase classname="omci" name="TestOmciHeaderBaselineShort" time="0.000"></testcase>
		<testcase classname="omci" name="TestOmciHeaderExtendedShort" time="0.000"></testcase>
		<testcase classname="omci" name="TestBad2017_G_988" time="0.000"></testcase>
		<testcase classname="omci" name="TestBaselineBadLenSerialize" time="0.000"></testcase>
		<testcase classname="omci" name="TestBadIdentSerialize" time="0.000"></testcase>
		<testcase classname="omci" name="TestRebootRequestDecode" time="0.000"></testcase>
		<testcase classname="omci" name="TestRebootRequestSerialize" time="0.000"></testcase>
		<testcase classname="omci" name="TestRebootRequestZeroTICSerialize" time="0.000"></testcase>
		<testcase classname="omci" name="TestRebootResponseDecode" time="0.000"></testcase>
		<testcase classname="omci" name="TestRebootResponseSerialize" time="0.000"></testcase>
		<testcase classname="omci" name="TestRebootResponseZeroTICSerialize" time="0.000"></testcase>
		<testcase classname="omci" name="TestExtendedRebootRequestDecode" time="0.000"></testcase>
		<testcase classname="omci" name="TestExtendedRebootRequestSerialize" time="0.000"></testcase>
		<testcase classname="omci" name="TestExtendedRebootResponseDecode" time="0.000"></testcase>
		<testcase classname="omci" name="TestExtendedRebootResponseSerialize" time="0.000"></testcase>
		<testcase classname="omci" name="TestOnuRebootRequest" time="0.000"></testcase>
		<testcase classname="omci" name="TestSetRequestDecode" time="0.000"></testcase>
		<testcase classname="omci" name="TestSetRequestSerialize" time="0.000"></testcase>
		<testcase classname="omci" name="TestSetRequestZeroTICSerialize" time="0.000"></testcase>
		<testcase classname="omci" name="TestSetResponseDecode" time="0.000"></testcase>
		<testcase classname="omci" name="TestSetResponseSerialize" time="0.000"></testcase>
		<testcase classname="omci" name="TestSetResponseZeroTICSerialize" time="0.000"></testcase>
		<testcase classname="omci" name="TestExtendedSetRequestDecode" time="0.000"></testcase>
		<testcase classname="omci" name="TestExtendedSetRequestSerialize" time="0.000"></testcase>
		<testcase classname="omci" name="TestExtendedSetResponseDecode" time="0.000"></testcase>
		<testcase classname="omci" name="TestExtendedSetResponseSerialize" time="0.000"></testcase>
		<testcase classname="omci" name="TestSetResponseTableFailedAttributesDecode" time="0.000"></testcase>
		<testcase classname="omci" name="TestSetResponseTableFailedAttributesSerialize" time="0.000"></testcase>
		<testcase classname="omci" name="TestSetTCont" time="0.000"></testcase>
		<testcase classname="omci" name="TestSet8021pMapperServiceProfile" time="0.000"></testcase>
		<testcase classname="omci" name="TestSetTableRequestDecode" time="0.000"></testcase>
		<testcase classname="omci" name="TestSetTableRequestDecodeZeroRows" time="0.000"></testcase>
		<testcase classname="omci" name="TestSetTableRequestDecodeMultipleRows" time="0.000"></testcase>
		<testcase classname="omci" name="TestSetTableRequestDecodeTruncatedRow" time="0.000"></testcase>
		<testcase classname="omci" name="TestSetTableRequestDecodeOneAttributeOnly" time="0.000"></testcase>
		<testcase classname="omci" name="TestSetTableRequestDecodeTableAttributesOnly" time="0.000"></testcase>
		<testcase classname="omci" name="TestSetTableRequestDecodeMeNotSupported" time="0.000"></testcase>
		<testcase classname="omci" name="TestSetTableRequestDecodeTableWritableOnly" time="0.000"></testcase>
		<testcase classname="omci" name="TestSetTableRequestDecodeBaselineNotSupported" time="0.020"></testcase>
		<testcase classname="omci" name="TestSetTableRequestSerialize" time="0.000"></testcase>
		<testcase classname="omci" name="TestSetTableRequestZeroTICSerialize" time="0.000"></testcase>
		<testcase classname="omci" name="TestSetTableRequestSerializeZeroRows" time="0.000"></testcase>
		<testcase classname="omci" name="TestSetTableRequestSerializeMultipleRows" time="0.000"></testcase>
		<testcase classname="omci" name="TestSetTableRequestSerializeTruncatedRow" time="0.000"></testcase>
		<testcase classname="omci" name="TestSetTableRequestSerializeOneAttributeOnly" time="0.000"></testcase>
		<testcase classname="omci" name="TestSetTableRequestSerializeTableAttributesOnly" time="0.000"></testcase>
		<testcase classname="omci" name="TestSetTableRequestSerializeTableWritableOnly" time="0.000"></testcase>
		<testcase classname="omci" name="TestSetTableRequestSerializeBaselineNotSupported" time="0.000"></testcase>
		<testcase classname="omci" name="TestSetTableRequestSerializeBaselineManageEntityNotSupported" time="0.000"></testcase>
		<testcase classname="omci" name="TestSetTableResponseDecode" time="0.000"></testcase>
		<testcase classname="omci" name="TestSetTableResponseSerialize" time="0.000"></testcase>
		<testcase classname="omci" name="TestSetTableResponseZeroTICSerialize" time="0.000"></testcase>
		<testcase classname="omci" name="TestStartSoftwareDownloadRequestDecode" time="0.000"></testcase>
		<testcase classname="omci" name="TestStartSoftwareDownloadRequestDecodeExtended" time="0.000"></testcase>
		<testcase classname="omci" name="TestStartSoftwareDownloadRequestSerialize" time="0.000"></testcase>
		<testcase classname="omci" name="TestStartSoftwareDownloadRequestZeroTICSerialize" time="0.000"></testcase>
		<testcase classname="omci" name="TestStartSoftwareDownloadRequestSerializeExtended" time="0.000"></testcase>
		<testcase classname="omci" name="TestStartSoftwareDownloadResponseDecode" time="0.000"></testcase>
		<testcase classname="omci" name="TestStartSoftwareDownloadResponseDecodeExtended" time="0.000"></testcase>
		<testcase classname="omci" name="TestStartSoftwareDownloadResponseSerialize" time="0.000"></testcase>
		<testcase classname="omci" name="TestStartSoftwareDownloadResponseZeroTICSerialize" time="0.000"></testcase>
		<testcase classname="omci" name="TestStartSoftwareDownloadResponseSerializeExtended" time="0.000"></testcase>
		<testcase classname="omci" name="TestDownloadSectionRequestDecodeNoResponseExpected" time="0.000"></testcase>
		<testcase classname="omci" name="TestDownloadSectionRequestDecodeResponseExpected" time="0.000"></testcase>
		<testcase classname="omci" name="TestDownloadSectionRequestSerializeNoResponseExpected" time="0.000"></testcase>
		<testcase classname="omci" name="TestDownloadSectionRequestSerializeNoResponsePartialDataExpected" time="0.000"></testcase>
		<testcase classname="omci" name="TestDownloadSectionRequestSerializeResponseExpectedMethod1" time="0.000"></testcase>
		<testcase classname="omci" name="TestDownloadSectionRequestSerializeResponseExpectedMethod2" time="0.000"></testcase>
		<testcase classname="omci" name="TestDownloadSectionRequestSerializeResponseExpectedZeroTICMethod1" time="0.000"></testcase>
		<testcase classname="omci" name="TestExtendedDownloadSectionRequestDecodeNoResponseExpected" time="0.000"></testcase>
		<testcase classname="omci" name="TestExtendedDownloadSectionRequestDecodeResponseExpected" time="0.000"></testcase>
		<testcase classname="omci" name="TestExtendedDownloadSectionRequestSerializeNoResponseExpected" time="0.000"></testcase>
		<testcase classname="omci" name="TestExtendedDownloadSectionRequestSerializeResponseExpectedMethod1" time="0.000"></testcase>
		<testcase classname="omci" name="TestExtendedDownloadSectionRequestSerializeResponseExpectedMethod2" time="0.000"></testcase>
		<testcase classname="omci" name="TestExtendedDownloadSectionRequestDecodeTruncated" time="0.000"></testcase>
		<testcase classname="omci" name="TestDownloadSectionResponseDecode" time="0.000"></testcase>
		<testcase classname="omci" name="TestDownloadSectionResponseDecodeExtended" time="0.000"></testcase>
		<testcase classname="omci" name="TestDownloadSectionResponseDecodeTruncatedExtended" time="0.000"></testcase>
		<testcase classname="omci" name="TestDownloadSectionResponseSerialize" time="0.000"></testcase>
		<testcase classname="omci" name="TestDownloadSectionResponseZeroTICSerialize" time="0.000"></testcase>
		<testcase classname="omci" name="TestDownloadSectionResponseSerializeExtended" time="0.000"></testcase>
		<testcase classname="omci" name="TestEndSoftwareDownloadRequestDecode" time="0.000"></testcase>
		<testcase classname="omci" name="TestEndSoftwareDownloadRequestDecodeExtended" time="0.000"></testcase>
		<testcase classname="omci" name="TestEndSoftwareDownloadRequestSerialize" time="0.000"></testcase>
		<testcase classname="omci" name="TestEndSoftwareDownloadRequestZeroTICSerialize" time="0.000"></testcase>
		<testcase classname="omci" name="TestEndSoftwareDownloadRequestSerializeExtended" time="0.000"></testcase>
		<testcase classname="omci" name="TestEndSoftwareDownloadResponseDecode" time="0.000"></testcase>
		<testcase classname="omci" name="TestEndSoftwareDownloadResponseDecodeExtended" time="0.000"></testcase>
		<testcase classname="omci" name="TestEndSoftwareDownloadResponseSerialize" time="0.000"></testcase>
		<testcase classname="omci" name="TestEndSoftwareDownloadResponseZeroTICSerialize" time="0.000"></testcase>
		<testcase classname="omci" name="TestEndSoftwareDownloadResponseSerializeExtended" time="0.000"></testcase>
		<testcase classname="omci" name="TestActivateSoftwareRequestDecode" time="0.000"></testcase>
		<testcase classname="omci" name="TestActivateSoftwareRequestDecodeExtended" time="0.000"></testcase>
		<testcase classname="omci" name="TestActivateSoftwareRequestSerialize" time="0.000"></testcase>
		<testcase classname="omci" name="TestActivateSoftwareRequestZeroTICSerialize" time="0.000"></testcase>
		<testcase classname="omci" name="TestActivateSoftwareRequestSerializeExtended" time="0.000"></testcase>
		<testcase classname="omci" name="TestActivateSoftwareResponseDecode" time="0.000"></testcase>
		<testcase classname="omci" name="TestActivateSoftwareResponseDecodeExtended" time="0.000"></testcase>
		<testcase classname="omci" name="TestActivateSoftwareResponseSerialize" time="0.000"></testcase>
		<testcase classname="omci" name="TestActivateSoftwareResponseZeroTICSerialize" time="0.000"></testcase>
		<testcase classname="omci" name="TestActivateSoftwareResponseSerializeExtended" time="0.000"></testcase>
		<testcase classname="omci" name="TestCommitSoftwareRequestDecode" time="0.000"></testcase>
		<testcase classname="omci" name="TestCommitSoftwareRequestDecodeExtended" time="0.000"></testcase>
		<testcase classname="omci" name="TestCommitSoftwareRequestSerialize" time="0.000"></testcase>
		<testcase classname="omci" name="TestCommitSoftwareRequestZeroTICSerialize" time="0.000"></testcase>
		<testcase classname="omci" name="TestCommitSoftwareRequestSerializeExtended" time="0.000"></testcase>
		<testcase classname="omci" name="TestCommitSoftwareResponseDecode" time="0.000"></testcase>
		<testcase classname="omci" name="TestCommitSoftwareResponseDecodeExtended" time="0.000"></testcase>
		<testcase classname="omci" name="TestCommitSoftwareResponseSerialize" time="0.000"></testcase>
		<testcase classname="omci" name="TestCommitSoftwareResponseZeroTICSerialize" time="0.000"></testcase>
		<testcase classname="omci" name="TestCommitSoftwareResponseSerializeExtended" time="0.000"></testcase>
		<testcase classname="omci" name="TestSynchronizeTimeRequestDecode" time="0.000"></testcase>
		<testcase classname="omci" name="TestSynchronizeTimeRequestSerialize" time="0.000"></testcase>
		<testcase classname="omci" name="TestSynchronizeTimeRequestZeroTICSerialize" time="0.000"></testcase>
		<testcase classname="omci" name="TestSynchronizeTimeResponseDecode" time="0.000"></testcase>
		<testcase classname="omci" name="TestSynchronizeTimeResponseSerialize" time="0.000"></testcase>
		<testcase classname="omci" name="TestSynchronizeTimeResponseZeroTICSerialize" time="0.000"></testcase>
		<testcase classname="omci" name="TestExtendedSynchronizeTimeRequestDecode" time="0.000"></testcase>
		<testcase classname="omci" name="TestExtendedSynchronizeTimeRequestSerialize" time="0.000"></testcase>
		<testcase classname="omci" name="TestExtendedSynchronizeTimeResponseDecode" time="0.000"></testcase>
		<testcase classname="omci" name="TestExtendedSynchronizeTimeResponseSerialize" time="0.000"></testcase>
		<testcase classname="omci" name="TestGenericTestResultDecode" time="0.000"></testcase>
		<testcase classname="omci" name="TestOpticalLineSupervisionTestResultDecode" time="0.000"></testcase>
		<testcase classname="omci" name="TestGenericTestResultSerialize" time="0.000"></testcase>
		<testcase classname="omci" name="TestGenericTestResultNonZeroTICSerialize" time="0.000"></testcase>
		<testcase classname="omci" name="TestOpticalLineSupervisionTestResultSerialize" time="0.000"></testcase>
		<testcase classname="omci" name="TestGenericTestRequestDecode" time="0.000"></testcase>
		<testcase classname="omci" name="TestOpticalLineSupervisionTestRequestDecode" time="0.000"></testcase>
		<testcase classname="omci" name="TestGenericTestRequestSerialize" time="0.000"></testcase>
		<testcase classname="omci" name="TestOpticalLineSupervisionTestRequestSerialize" time="0.000"></testcase>
		<testcase classname="omci" name="TestTestResponseDecode" time="0.000"></testcase>
		<testcase classname="omci" name="TestTestResponseSerialize" time="0.000"></testcase>
		<testcase classname="omci" name="TestExtendedGenericTestResultDecode" time="0.000"></testcase>
		<testcase classname="omci" name="TestExtendedOpticalLineSupervisionTestResultDecode" time="0.000"></testcase>
		<testcase classname="omci" name="TestExtendedGenericTestResultSerialize" time="0.000"></testcase>
		<testcase classname="omci" name="TestExtendedOpticalLineSupervisionTestResultSerialize" time="0.000"></testcase>
	</testsuite>
	<testsuite tests="35" failures="0" time="0.037" name="github.com/cboling/omci/generated">
		<properties>
			<property name="go.version" value="go1.17.2"></property>
			<property name="coverage.statements.pct" value="36.4"></property>
		</properties>
		<testcase classname="generated" name="TestIntegerConstraintString" time="0.000"></testcase>
		<testcase classname="generated" name="TestIntegerRangeConstraintString" time="0.000"></testcase>
		<testcase classname="generated" name="TestIntegerRangeConstraintStringMissingBoth" time="0.000"></testcase>
		<testcase classname="generated" name="TestIntegerRangeConstraintStringNoMin" time="0.000"></testcase>
		<testcase classname="generated" name="TestIntegerRangeConstraintStringNoMax" time="0.000"></testcase>
		<testcase classname="generated" name="TestIntegerRangeConstraintStringPanicMinNoNumber" time="0.000"></testcase>
		<testcase classname="generated" name="TestIntegerRangeConstraintStringPanicMaxNoNumber" time="0.000"></testcase>
		<testcase classname="generated" name="TestIntegerRangeConstraintStringPanicMaxLessThanMin" time="0.000"></testcase>
		<testcase classname="generated" name="TestIntegerNonIntegerNotSupportedAndIsFalse" time="0.000"></testcase>
		<testcase classname="generated" name="TestIntegerConstraintNilIfBlank" time="0.000"></testcase>
		<testcase classname="generated" name="TestIntegerConstraintPanics" time="0.000"></testcase>
		<testcase classname="generated" name="TestIntegerConstraintTypoPanics" time="0.000"></testcase>
		<testcase classname="generated" name="TestIntegerConstraintListString" time="0.000"></testcase>
		<testcase classname="generated" name="TestBitFieldConstraintString" time="0.000"></testcase>
		<testcase classname="generated" name="TestBitFieldConstraintNils" time="0.000"></testcase>
		<testcase classname="generated" name="TestBitfieldConstraintPanics" time="0.000"></testcase>
		<testcase classname="generated" name="TestUnknownAttributeTypeConstraintIsNil" time="0.000"></testcase>
		<testcase classname="generated" name="TestCounterAttributeTypeConstraintIsNil" time="0.000"></testcase>
		<testcase classname="generated" name="TestOctetsConstraintString" time="0.000"></testcase>
		<testcase classname="generated" name="TestOctetsConstraintArray" time="0.000"></testcase>
		<testcase classname="generated" name="TestOctetsConstraintPanics" time="0.000"></testcase>
		<testcase classname="generated" name="TestOctetsConstraintPanicsLengthPartial1" time="0.000"></testcase>
		<testcase classname="generated" name="TestOctetsConstraintPanicsLengthDangling" time="0.000"></testcase>
		<testcase classname="generated" name="TestOctetsConstraintPanicsLengthOnce" time="0.000"></testcase>
		<testcase classname="generated" name="TestOctetsConstraintPanics2" time="0.000"></testcase>
		<testcase classname="generated" name="TestUintConstraint" time="0.000"></testcase>
		<testcase classname="generated" name="TestUint8Constraint" time="0.000"></testcase>
		<testcase classname="generated" name="TestUint16Constraint" time="0.000"></testcase>
		<testcase classname="generated" name="TestUint32Constraint" time="0.000"></testcase>
		<testcase classname="generated" name="TestUint64Constraint" time="0.000"></testcase>
		<testcase classname="generated" name="TestUintMaxMinConstraint" time="0.000"></testcase>
		<testcase classname="generated" name="TestUintConstraintArray" time="0.000"></testcase>
		<testcase classname="generated" name="TestBitmapConstraint" time="0.000"></testcase>
		<testcase classname="generated" name="TestBitmapConstraintArray" time="0.000"></testcase>
		<testcase classname="generated" name="TestCreateConstraintByType" time="0.000"></testcase>
	</testsuite>
	<testsuite tests="3" failures="0" time="0.420" name="github.com/cboling/omci/meframe">
		<properties>
			<property name="go.version" value="go1.17.2"></property>
			<property name="coverage.statements.pct" value="55.4"></property>
		</properties>
		<testcase classname="meframe" name="TestFrameFormatNotYetSupported" time="0.000"></testcase>
		<testcase classname="meframe" name="TestGetNextResponseOneFrameOnly" time="0.000"></testcase>
		<testcase classname="meframe" name="TestAllMessageTypes" time="0.390"></testcase>
	</testsuite>
</testsuites>
